<?xml version="1.0" encoding="UTF-8"?>
<!-- Generated by org.testng.reporters.JUnitXMLReporter -->
<testsuite ignored="0" hostname="AL02362889" failures="0" tests="3" name="Default test" time="15.34" errors="0" timestamp="2024-11-25T02:01:01 KST">
  <testcase classname="com.naver.search.Suite_02_shopping_my" name="s01_네이버로그인" time="4.382"/>
  <testcase classname="com.naver.search.Suite_02_shopping_my" name="s02_쇼핑MY_관심스토어_진입" time="3.761"/>
  <testcase classname="com.naver.search.Suite_02_shopping_my" name="s03_관심스토어_클릭" time="3.177"/>
</testsuite> <!-- Default test -->
