<?xml version="1.0" encoding="UTF-8"?>
<!-- Generated by org.testng.reporters.JUnitXMLReporter -->
<testsuite ignored="0" hostname="AL02362889" failures="0" tests="3" name="FinPCWeb Automatic Guide Test" time="13.172" errors="0" timestamp="2024-11-25T04:07:33 KST">
  <testcase classname="com.naver.shopping.Suite_01_smartstore_product" name="s01_네이버로그인" time="3.905"/>
  <testcase classname="com.naver.shopping.Suite_01_smartstore_product" name="s02_스스_상품상세_진입" time="2.583"/>
  <testcase classname="com.naver.shopping.Suite_01_smartstore_product" name="s03_스스_구매하기" time="2.133"/>
</testsuite> <!-- FinPCWeb Automatic Guide Test -->
