<?xml version="1.0" encoding="UTF-8"?>
<testsuite xmlns:xsi="http://www.w3.org/2001/XMLSchema-instance" xsi:schemaLocation="https://maven.apache.org/surefire/maven-surefire-plugin/xsd/surefire-test-report.xsd" name="TestSuite" time="1.454" tests="2" errors="0" skipped="1" failures="1">
  <properties>
[...]
</properties>
  <testcase name="beforeSuite" classname="com.naver.shopping.Suite_01_smartstore_product" time="1.323">
    <failure message="&#10;Native Injection is NOT supported for @BeforeSuite annotated beforeSuite.&#10;For more information on native dependency injection please refer to https://testng.org/doc/documentation-main.html#native-dependency-injection" type="org.testng.TestNGException">org.testng.TestNGException: 

Native Injection is NOT supported for @BeforeSuite annotated beforeSuite.
For more information on native dependency injection please refer to https://testng.org/doc/documentation-main.html#native-dependency-injection
</failure>
    <system-err><![CDATA[SLF4J: Failed to load class "org.slf4j.impl.StaticLoggerBinder".
SLF4J: Defaulting to no-operation (NOP) logger implementation
SLF4J: See http://www.slf4j.org/codes.html#StaticLoggerBinder for further details.
]]></system-err>
  </testcase>
  <testcase name="afterSuite" classname="com.naver.shopping.Suite_01_smartstore_product" time="0">
    <skipped/>
  </testcase>
</testsuite>