<?xml version="1.0" encoding="UTF-8"?>
<testng-results ignored="0" total="3" passed="3" failed="0" skipped="0">
  <reporter-output>
  </reporter-output>
  <suite started-at="2024-11-25T04:38:48 KST" name="shoppingWeb monitoring" finished-at="2024-11-25T04:39:01 KST" duration-ms="12734">
    <groups>
    </groups>
    <test started-at="2024-11-25T04:38:48 KST" name="shopping monitoring" finished-at="2024-11-25T04:39:01 KST" duration-ms="12734">
      <class name="com.naver.shopping.Suite_01_smartstore_product">
        <test-method is-config="true" signature="beforeSuite(org.testng.ITestContext)[pri:0, instance:com.naver.shopping.Suite_01_smartstore_product@7048f722]" started-at="2024-11-25T04:38:48 KST" name="beforeSuite" finished-at="2024-11-25T04:38:48 KST" duration-ms="441" status="PASS">
          <params>
            <param index="0">
              <value>
                <![CDATA[org.testng.TestRunner@3daa82be]]>
              </value>
            </param>
          </params>
          <reporter-output>
          </reporter-output>
        </test-method> <!-- beforeSuite -->
        <test-method is-config="true" signature="setupClass(org.testng.ITestContext)[pri:0, instance:com.naver.shopping.Suite_01_smartstore_product@7048f722]" started-at="2024-11-25T04:38:48 KST" name="setupClass" finished-at="2024-11-25T04:38:48 KST" duration-ms="8" status="PASS">
          <params>
            <param index="0">
              <value>
                <![CDATA[org.testng.TestRunner@3daa82be]]>
              </value>
            </param>
          </params>
          <reporter-output>
          </reporter-output>
        </test-method> <!-- setupClass -->
        <test-method is-config="true" signature="setUp()[pri:0, instance:com.naver.shopping.Suite_01_smartstore_product@7048f722]" started-at="2024-11-25T04:38:48 KST" name="setUp" finished-at="2024-11-25T04:38:51 KST" duration-ms="2938" status="PASS">
          <reporter-output>
          </reporter-output>
        </test-method> <!-- setUp -->
        <test-method is-config="true" signature="beforeMethod(java.lang.reflect.Method)[pri:0, instance:com.naver.shopping.Suite_01_smartstore_product@7048f722]" started-at="2024-11-25T04:38:51 KST" name="beforeMethod" finished-at="2024-11-25T04:38:51 KST" duration-ms="0" status="PASS">
          <params>
            <param index="0">
              <value>
                <![CDATA[public void com.naver.shopping.Suite_01_smartstore_product.s01_네이버로그인() throws java.lang.InterruptedException,java.awt.AWTException]]>
              </value>
            </param>
          </params>
          <reporter-output>
          </reporter-output>
        </test-method> <!-- beforeMethod -->
        <test-method signature="s01_네이버로그인()[pri:0, instance:com.naver.shopping.Suite_01_smartstore_product@7048f722]" started-at="2024-11-25T04:38:51 KST" name="s01_네이버로그인" finished-at="2024-11-25T04:38:55 KST" duration-ms="3942" status="PASS">
          <reporter-output>
          </reporter-output>
        </test-method> <!-- s01_네이버로그인 -->
        <test-method is-config="true" signature="afterMethod(java.lang.reflect.Method,org.testng.ITestResult)[pri:0, instance:com.naver.shopping.Suite_01_smartstore_product@7048f722]" started-at="2024-11-25T04:38:56 KST" name="afterMethod" finished-at="2024-11-25T04:38:56 KST" duration-ms="373" status="PASS">
          <params>
            <param index="0">
              <value>
                <![CDATA[public void com.naver.shopping.Suite_01_smartstore_product.s01_네이버로그인() throws java.lang.InterruptedException,java.awt.AWTException]]>
              </value>
            </param>
            <param index="1">
              <value>
                <![CDATA[[TestResult name=s01_네이버로그인 status=SUCCESS method=Suite_01_smartstore_product.s01_네이버로그인()[pri:0, instance:com.naver.shopping.Suite_01_smartstore_product@7048f722] output={null}]]]>
              </value>
            </param>
          </params>
          <reporter-output>
          </reporter-output>
        </test-method> <!-- afterMethod -->
        <test-method is-config="true" signature="beforeMethod(java.lang.reflect.Method)[pri:0, instance:com.naver.shopping.Suite_01_smartstore_product@7048f722]" started-at="2024-11-25T04:38:56 KST" name="beforeMethod" finished-at="2024-11-25T04:38:56 KST" duration-ms="0" status="PASS">
          <params>
            <param index="0">
              <value>
                <![CDATA[public void com.naver.shopping.Suite_01_smartstore_product.s02_스스_상품상세_진입()]]>
              </value>
            </param>
          </params>
          <reporter-output>
          </reporter-output>
        </test-method> <!-- beforeMethod -->
        <test-method signature="s02_스스_상품상세_진입()[pri:0, instance:com.naver.shopping.Suite_01_smartstore_product@7048f722]" started-at="2024-11-25T04:38:56 KST" name="s02_스스_상품상세_진입" finished-at="2024-11-25T04:38:58 KST" duration-ms="2346" status="PASS">
          <reporter-output>
          </reporter-output>
        </test-method> <!-- s02_스스_상품상세_진입 -->
        <test-method is-config="true" signature="afterMethod(java.lang.reflect.Method,org.testng.ITestResult)[pri:0, instance:com.naver.shopping.Suite_01_smartstore_product@7048f722]" started-at="2024-11-25T04:38:58 KST" name="afterMethod" finished-at="2024-11-25T04:38:58 KST" duration-ms="55" status="PASS">
          <params>
            <param index="0">
              <value>
                <![CDATA[public void com.naver.shopping.Suite_01_smartstore_product.s02_스스_상품상세_진입()]]>
              </value>
            </param>
            <param index="1">
              <value>
                <![CDATA[[TestResult name=s02_스스_상품상세_진입 status=SUCCESS method=Suite_01_smartstore_product.s02_스스_상품상세_진입()[pri:0, instance:com.naver.shopping.Suite_01_smartstore_product@7048f722] output={null}]]]>
              </value>
            </param>
          </params>
          <reporter-output>
          </reporter-output>
        </test-method> <!-- afterMethod -->
        <test-method signature="s03_스스_구매하기()[pri:0, instance:com.naver.shopping.Suite_01_smartstore_product@7048f722]" started-at="2024-11-25T04:38:58 KST" name="s03_스스_구매하기" finished-at="2024-11-25T04:39:01 KST" duration-ms="2091" status="PASS">
          <reporter-output>
          </reporter-output>
        </test-method> <!-- s03_스스_구매하기 -->
        <test-method is-config="true" signature="beforeMethod(java.lang.reflect.Method)[pri:0, instance:com.naver.shopping.Suite_01_smartstore_product@7048f722]" started-at="2024-11-25T04:38:58 KST" name="beforeMethod" finished-at="2024-11-25T04:38:58 KST" duration-ms="0" status="PASS">
          <params>
            <param index="0">
              <value>
                <![CDATA[public void com.naver.shopping.Suite_01_smartstore_product.s03_스스_구매하기()]]>
              </value>
            </param>
          </params>
          <reporter-output>
          </reporter-output>
        </test-method> <!-- beforeMethod -->
        <test-method is-config="true" signature="afterMethod(java.lang.reflect.Method,org.testng.ITestResult)[pri:0, instance:com.naver.shopping.Suite_01_smartstore_product@7048f722]" started-at="2024-11-25T04:39:01 KST" name="afterMethod" finished-at="2024-11-25T04:39:01 KST" duration-ms="57" status="PASS">
          <params>
            <param index="0">
              <value>
                <![CDATA[public void com.naver.shopping.Suite_01_smartstore_product.s03_스스_구매하기()]]>
              </value>
            </param>
            <param index="1">
              <value>
                <![CDATA[[TestResult name=s03_스스_구매하기 status=SUCCESS method=Suite_01_smartstore_product.s03_스스_구매하기()[pri:0, instance:com.naver.shopping.Suite_01_smartstore_product@7048f722] output={null}]]]>
              </value>
            </param>
          </params>
          <reporter-output>
          </reporter-output>
        </test-method> <!-- afterMethod -->
        <test-method is-config="true" signature="tearDown()[pri:0, instance:com.naver.shopping.Suite_01_smartstore_product@7048f722]" started-at="2024-11-25T04:39:01 KST" name="tearDown" finished-at="2024-11-25T04:39:01 KST" duration-ms="352" status="PASS">
          <reporter-output>
          </reporter-output>
        </test-method> <!-- tearDown -->
        <test-method is-config="true" signature="tearDownClass()[pri:0, instance:com.naver.shopping.Suite_01_smartstore_product@7048f722]" started-at="2024-11-25T04:39:01 KST" name="tearDownClass" finished-at="2024-11-25T04:39:01 KST" duration-ms="57" status="PASS">
          <reporter-output>
          </reporter-output>
        </test-method> <!-- tearDownClass -->
        <test-method is-config="true" signature="afterSuite(org.testng.ITestContext)[pri:0, instance:com.naver.shopping.Suite_01_smartstore_product@7048f722]" started-at="2024-11-25T04:39:01 KST" name="afterSuite" finished-at="2024-11-25T04:39:01 KST" duration-ms="117" status="PASS">
          <params>
            <param index="0">
              <value>
                <![CDATA[org.testng.TestRunner@3daa82be]]>
              </value>
            </param>
          </params>
          <reporter-output>
          </reporter-output>
        </test-method> <!-- afterSuite -->
      </class> <!-- com.naver.shopping.Suite_01_smartstore_product -->
    </test> <!-- shopping monitoring -->
  </suite> <!-- shoppingWeb monitoring -->
</testng-results>
